<?xml version="1.0" encoding="UTF-8"?>
<!-- Generated by org.testng.reporters.JUnitReportReporter -->
<testsuite hostname="PF443D4M-NME" failures="0" tests="1" name="testCases.TC_005_AddToCartPageTest" time="3.197" errors="0" timestamp="2025-03-03T10:21:29 HNE" skipped="0">
  <testcase classname="testCases.TC_005_AddToCartPageTest" name="verify_addToCart" time="3.197"/>
</testsuite> <!-- testCases.TC_005_AddToCartPageTest -->
