<?xml version="1.0" encoding="UTF-8"?>
<!-- Generated by org.testng.reporters.JUnitReportReporter -->
<testsuite hostname="PF443D4M-NME" failures="0" tests="1" name="testCases.TC_004_SearchProductTest" time="0.963" errors="0" timestamp="2025-03-03T10:17:59 HNE" skipped="0">
  <testcase classname="testCases.TC_004_SearchProductTest" name="verify_pruductSearch" time="0.963"/>
</testsuite> <!-- testCases.TC_004_SearchProductTest -->
