<?xml version="1.0" encoding="UTF-8"?>
<!-- Generated by org.testng.reporters.JUnitReportReporter -->
<testsuite hostname="PF443D4M-NME" failures="0" tests="1" name="testCases.TC_001_AccountRegistrationTest" time="3.641" errors="0" timestamp="2025-02-18T12:06:41 HNE" skipped="0">
  <testcase classname="testCases.TC_001_AccountRegistrationTest" name="verify_account_registration" time="3.641"/>
</testsuite> <!-- testCases.TC_001_AccountRegistrationTest -->
