<?xml version="1.0" encoding="UTF-8"?>
<!-- Generated by org.testng.reporters.JUnitReportReporter -->
<testsuite hostname="PF443D4M-NME" failures="0" tests="1" name="testCases.TC001_AccountRegistrationTest" time="2.957" errors="0" timestamp="2025-03-03T09:51:06 HNE" skipped="0">
  <testcase classname="testCases.TC001_AccountRegistrationTest" name="verify_account_registration" time="2.957"/>
</testsuite> <!-- testCases.TC001_AccountRegistrationTest -->
